#
# A fatal error has been detected by the Java Runtime Environment:
#
#  EXCEPTION_ACCESS_VIOLATION (0xc0000005) at pc=0x000000006a2f81c5, pid=2852, tid=4636
#
# JRE version: Java(TM) SE Runtime Environment (8.0_51-b16) (build 1.8.0_51-b16)
# Java VM: Java HotSpot(TM) 64-Bit Server VM (25.51-b03 mixed mode windows-amd64 compressed oops)
# Problematic frame:
# V  [jvm.dll+0x1281c5]
#
# Failed to write core dump. Minidumps are not enabled by default on client versions of Windows
#
# If you would like to submit a bug report, please visit:
#   http://bugreport.java.com/bugreport/crash.jsp
#

---------------  T H R E A D  ---------------

Current thread (0x0000000058779800):  JavaThread "JDWP Transport Listener: dt_socket" daemon [_thread_in_vm, id=4636, stack(0x0000000059010000,0x0000000059110000)]

siginfo: ExceptionCode=0xc0000005, reading address 0xffffffffffffffff

Registers:
RAX=0x000000005910f201, RBX=0x0000000058779800, RCX=0x63656e696c2d656b, RDX=0x0000000000000000
RSP=0x000000005910f1d0, RBP=0x63656e696c2d656b, RSI=0x000000005910f2e8, RDI=0x0000000002188df0
R8 =0x0000000058779800, R9 =0x000000000000ff00, R10=0x0000000000000000, R11=0x00001914ffff0000
R12=0x0000000000000000, R13=0x000000005877fdc8, R14=0x0000000000000000, R15=0x0000000000000000
RIP=0x000000006a2f81c5, EFLAGS=0x0000000000010202

Top of Stack: (sp=0x000000005910f1d0)
0x000000005910f1d0:   0000000058779800 000000005a073c30
0x000000005910f1e0:   000000005910f298 000000006a4fc72b
0x000000005910f1f0:   0000000058779800 000000006a518f8d
0x000000005910f200:   0000000000000000 0000000068599155
0x000000005910f210:   0000000059e4e990 00000000685a291e
0x000000005910f220:   0000000058779800 0000000000000000
0x000000005910f230:   0000000000000000 0000000000000000
0x000000005910f240:   63656e696c2d656b 00000000685a1a15
0x000000005910f250:   000000005910f2e8 000000005910f2c0
0x000000005910f260:   0000000000000001 0000000059e4e990
0x000000005910f270:   63656e696c2d656b 00000000685853b3
0x000000005910f280:   000000005910f3b0 0000000000000001
0x000000005910f290:   0000000000000001 0000000059e4e990
0x000000005910f2a0:   000000000000000a 0000000000000000
0x000000005910f2b0:   0000000000000000 0000000000000000
0x000000005910f2c0:   0000000000000001 0000000068585571 

Instructions: (pc=0x000000006a2f81c5)
0x000000006a2f81a5:   cc cc cc cc cc cc cc cc cc cc cc 48 83 ec 28 48
0x000000006a2f81b5:   85 c9 75 07 33 c0 48 83 c4 28 c3 48 89 5c 24 20
0x000000006a2f81c5:   48 8b 19 48 85 db 74 20 48 83 fb 37 74 1a 48 8b
0x000000006a2f81d5:   13 48 8b cb ff 52 10 84 c0 74 0d 48 8b c3 48 8b 


Register to memory mapping:

RAX=0x000000005910f201 is pointing into the stack for thread: 0x0000000058779800
RBX=0x0000000058779800 is a thread
RCX=0x63656e696c2d656b is an unknown value
RDX=0x0000000000000000 is an unknown value
RSP=0x000000005910f1d0 is pointing into the stack for thread: 0x0000000058779800
RBP=0x63656e696c2d656b is an unknown value
RSI=0x000000005910f2e8 is pointing into the stack for thread: 0x0000000058779800
RDI=0x0000000002188df0 is an unknown value
R8 =0x0000000058779800 is a thread
R9 =0x000000000000ff00 is an unknown value
R10=0x0000000000000000 is an unknown value
R11=0x00001914ffff0000 is an unknown value
R12=0x0000000000000000 is an unknown value
R13=0x000000005877fdc8 is an unknown value
R14=0x0000000000000000 is an unknown value
R15=0x0000000000000000 is an unknown value


Stack: [0x0000000059010000,0x0000000059110000],  sp=0x000000005910f1d0,  free space=1020k
Native frames: (J=compiled Java code, j=interpreted, Vv=VM code, C=native code)
V  [jvm.dll+0x1281c5]
V  [jvm.dll+0x348f8d]
C  [jdwp.dll+0x21a15]
C  [jdwp.dll+0x53b3]
C  [jdwp.dll+0x5571]
C  [jdwp.dll+0xf0a8]
C  [jdwp.dll+0x1f2d5]
C  [jdwp.dll+0x1f4aa]
V  [jvm.dll+0x1bae78]
V  [jvm.dll+0x2418a4]
V  [jvm.dll+0x29846a]
C  [msvcr100.dll+0x21d9f]
C  [msvcr100.dll+0x21e3b]
C  [kernel32.dll+0x159cd]
C  [ntdll.dll+0x2b981]


---------------  P R O C E S S  ---------------

Java Threads: ( => current thread )
  0x0000000059eec000 JavaThread "Prism Font Disposer" daemon [_thread_blocked, id=4984, stack(0x000000005e540000,0x000000005e640000)]
  0x0000000059cfb800 JavaThread "JavaFX-Launcher" [_thread_blocked, id=404, stack(0x000000005cb90000,0x000000005cc90000)]
  0x0000000059d37800 JavaThread "Thread-2" daemon [_thread_in_native, id=4600, stack(0x000000005ca10000,0x000000005cb10000)]
  0x0000000059cf1000 JavaThread "JavaFX Application Thread" [_thread_blocked, id=2892, stack(0x000000005adf0000,0x000000005aef0000)]
  0x0000000059ce9800 JavaThread "Thread-1" daemon [_thread_blocked, id=2876, stack(0x000000005ac20000,0x000000005ad20000)]
  0x0000000059c94000 JavaThread "QuantumRenderer-0" daemon [_thread_blocked, id=5028, stack(0x000000005a4c0000,0x000000005a5c0000)]
  0x0000000058810000 JavaThread "Service Thread" daemon [_thread_blocked, id=2596, stack(0x0000000059b30000,0x0000000059c30000)]
  0x00000000587f5800 JavaThread "C1 CompilerThread2" daemon [_thread_blocked, id=4676, stack(0x0000000059940000,0x0000000059a40000)]
  0x00000000587a4000 JavaThread "C2 CompilerThread1" daemon [_thread_blocked, id=1204, stack(0x0000000059820000,0x0000000059920000)]
  0x00000000587a2000 JavaThread "C2 CompilerThread0" daemon [_thread_blocked, id=2916, stack(0x0000000059620000,0x0000000059720000)]
  0x0000000058788800 JavaThread "JDWP Command Reader" daemon [_thread_in_native, id=2380, stack(0x00000000593a0000,0x00000000594a0000)]
  0x0000000058783800 JavaThread "JDWP Event Helper Thread" daemon [_thread_blocked, id=1352, stack(0x00000000591d0000,0x00000000592d0000)]
=>0x0000000058779800 JavaThread "JDWP Transport Listener: dt_socket" daemon [_thread_in_vm, id=4636, stack(0x0000000059010000,0x0000000059110000)]
  0x0000000058770800 JavaThread "Attach Listener" daemon [_thread_blocked, id=5836, stack(0x00000000581d0000,0x00000000582d0000)]
  0x000000005725e800 JavaThread "Signal Dispatcher" daemon [_thread_blocked, id=5620, stack(0x0000000058b80000,0x0000000058c80000)]
  0x00000000571fd000 JavaThread "Finalizer" daemon [_thread_blocked, id=5200, stack(0x0000000058670000,0x0000000058770000)]
  0x00000000571f6800 JavaThread "Reference Handler" daemon [_thread_blocked, id=4560, stack(0x0000000058490000,0x0000000058590000)]
  0x000000000205a800 JavaThread "main" [_thread_blocked, id=5024, stack(0x00000000021e0000,0x00000000022e0000)]

Other Threads:
  0x00000000571f1000 VMThread [stack: 0x0000000058330000,0x0000000058430000] [id=5960]
  0x0000000058811800 WatcherThread [stack: 0x00000000594d0000,0x00000000595d0000] [id=3140]

VM state:not at safepoint (normal execution)

VM Mutex/Monitor currently owned by a thread: None

Heap:
 PSYoungGen      total 36864K, used 29407K [0x00000000d6e00000, 0x00000000d9700000, 0x0000000100000000)
  eden space 31744K, 92% used [0x00000000d6e00000,0x00000000d8ab7f28,0x00000000d8d00000)
  from space 5120K, 0% used [0x00000000d9200000,0x00000000d9200000,0x00000000d9700000)
  to   space 5120K, 0% used [0x00000000d8d00000,0x00000000d8d00000,0x00000000d9200000)
 ParOldGen       total 84992K, used 0K [0x0000000084a00000, 0x0000000089d00000, 0x00000000d6e00000)
  object space 84992K, 0% used [0x0000000084a00000,0x0000000084a00000,0x0000000089d00000)
 Metaspace       used 13410K, capacity 13908K, committed 14208K, reserved 1060864K
  class space    used 1884K, capacity 2050K, committed 2176K, reserved 1048576K

Card table byte_map: [0x0000000011970000,0x0000000011d50000] byte_map_base: 0x000000001154b000

Marking Bits: (ParMarkBitMap*) 0x000000006a9d4040
 Begin Bits: [0x00000000126d0000, 0x00000000145a8000)
 End Bits:   [0x00000000145a8000, 0x0000000016480000)

Polling page: 0x0000000000100000

CodeCache: size=245760Kb used=4473Kb max_used=4485Kb free=241286Kb
 bounds [0x00000000025b0000, 0x0000000002a20000, 0x00000000115b0000]
 total_blobs=1786 nmethods=1223 adapters=483
 compilation: enabled

Compilation events (10 events):
Event: 5.063 Thread 0x00000000587f5800 1219       3       java.util.concurrent.atomic.AtomicBoolean::compareAndSet (35 bytes)
Event: 5.063 Thread 0x00000000587f5800 nmethod 1219 0x00000000029f7fd0 code [0x00000000029f8120, 0x00000000029f8330]
Event: 5.111 Thread 0x00000000587f5800 1220       3       java.util.concurrent.atomic.AtomicBoolean::getAndSet (16 bytes)
Event: 5.111 Thread 0x00000000587f5800 nmethod 1220 0x0000000002a0a210 code [0x0000000002a0a380, 0x0000000002a0a830]
Event: 5.223 Thread 0x00000000587f5800 1221       3       com.sun.javafx.tk.quantum.QuantumToolkit::setPulseRunning (9 bytes)
Event: 5.223 Thread 0x00000000587f5800 nmethod 1221 0x0000000002a09a10 code [0x0000000002a09ba0, 0x0000000002a0a068]
Event: 6.807 Thread 0x00000000587f5800 1222       3       com.sun.javafx.tk.quantum.QuantumToolkit::postPulse (148 bytes)
Event: 6.811 Thread 0x00000000587f5800 nmethod 1222 0x0000000002a0e850 code [0x0000000002a0ebc0, 0x0000000002a10b98]
Event: 86.677 Thread 0x00000000587a4000 1223       4       com.sun.javafx.tk.quantum.QuantumToolkit$$Lambda$41/1299775193::run (8 bytes)
Event: 86.681 Thread 0x00000000587a4000 nmethod 1223 0x0000000002a092d0 code [0x0000000002a09420, 0x0000000002a09678]

GC Heap History (0 events):
No events

Deoptimization events (10 events):
Event: 1.358 Thread 0x0000000059cf1000 Uncommon trap: reason=class_check action=maybe_recompile pc=0x00000000026d4a08 method=java.lang.String.equals(Ljava/lang/Object;)Z @ 8
Event: 1.358 Thread 0x0000000059cf1000 Uncommon trap: reason=speculate_class_check action=maybe_recompile pc=0x0000000002897fc0 method=com.sun.javafx.css.BitSet.containsAll(Ljava/util/Collection;)Z @ 18
Event: 1.358 Thread 0x0000000059cf1000 Uncommon trap: reason=speculate_class_check action=maybe_recompile pc=0x0000000002897fc0 method=com.sun.javafx.css.BitSet.containsAll(Ljava/util/Collection;)Z @ 18
Event: 1.389 Thread 0x0000000059cf1000 Uncommon trap: reason=unstable_if action=reinterpret pc=0x00000000028c2050 method=java.lang.CharacterDataLatin1.toUpperCase(I)I @ 12
Event: 1.587 Thread 0x0000000059cf1000 Uncommon trap: reason=class_check action=maybe_recompile pc=0x00000000028afea4 method=sun.misc.URLClassPath.getLoader(I)Lsun/misc/URLClassPath$Loader; @ 193
Event: 1.603 Thread 0x0000000059cf1000 Uncommon trap: reason=class_check action=maybe_recompile pc=0x00000000028afea4 method=sun.misc.URLClassPath.getLoader(I)Lsun/misc/URLClassPath$Loader; @ 193
Event: 1.606 Thread 0x0000000059cf1000 Uncommon trap: reason=class_check action=maybe_recompile pc=0x00000000028afea4 method=sun.misc.URLClassPath.getLoader(I)Lsun/misc/URLClassPath$Loader; @ 193
Event: 1.610 Thread 0x0000000059cf1000 Uncommon trap: reason=class_check action=maybe_recompile pc=0x00000000028afea4 method=sun.misc.URLClassPath.getLoader(I)Lsun/misc/URLClassPath$Loader; @ 193
Event: 1.696 Thread 0x0000000059cf1000 Uncommon trap: reason=unstable_if action=reinterpret pc=0x00000000029931a4 method=java.lang.Math.min(DD)D @ 11
Event: 1.777 Thread 0x0000000059cf1000 Uncommon trap: reason=class_check action=maybe_recompile pc=0x00000000028b6230 method=sun.misc.URLClassPath.getLoader(I)Lsun/misc/URLClassPath$Loader; @ 193

Internal exceptions (10 events):
Event: 0.385 Thread 0x000000000205a800 Exception <a 'java/lang/NoSuchFieldError': method resolution failed> (0x00000000d71abe00) thrown at [C:\re\workspace\8-2-build-windows-amd64-cygwin\jdk8u51\3951\hotspot\src\share\vm\prims\methodHandles.cpp, line 1125]
Event: 0.404 Thread 0x000000000205a800 Exception <a 'java/lang/NoSuchFieldError': method resolution failed> (0x00000000d71ba4f8) thrown at [C:\re\workspace\8-2-build-windows-amd64-cygwin\jdk8u51\3951\hotspot\src\share\vm\prims\methodHandles.cpp, line 1125]
Event: 0.444 Thread 0x000000000205a800 Exception <a 'java/security/PrivilegedActionException'> (0x00000000d72422c0) thrown at [C:\re\workspace\8-2-build-windows-amd64-cygwin\jdk8u51\3951\hotspot\src\share\vm\prims\jvm.cpp, line 1382]
Event: 0.444 Thread 0x000000000205a800 Exception <a 'java/security/PrivilegedActionException'> (0x00000000d7242478) thrown at [C:\re\workspace\8-2-build-windows-amd64-cygwin\jdk8u51\3951\hotspot\src\share\vm\prims\jvm.cpp, line 1382]
Event: 0.445 Thread 0x000000000205a800 Exception <a 'java/security/PrivilegedActionException'> (0x00000000d7244dc0) thrown at [C:\re\workspace\8-2-build-windows-amd64-cygwin\jdk8u51\3951\hotspot\src\share\vm\prims\jvm.cpp, line 1382]
Event: 0.445 Thread 0x000000000205a800 Exception <a 'java/security/PrivilegedActionException'> (0x00000000d7244f78) thrown at [C:\re\workspace\8-2-build-windows-amd64-cygwin\jdk8u51\3951\hotspot\src\share\vm\prims\jvm.cpp, line 1382]
Event: 0.445 Thread 0x000000000205a800 Exception <a 'java/lang/NullPointerException'> (0x00000000d72454f8) thrown at [C:\re\workspace\8-2-build-windows-amd64-cygwin\jdk8u51\3951\hotspot\src\share\vm\interpreter\linkResolver.cpp, line 1178]
Event: 0.783 Thread 0x0000000059cf1000 Exception <a 'java/lang/NullPointerException'> (0x00000000d7b95d78) thrown at [C:\re\workspace\8-2-build-windows-amd64-cygwin\jdk8u51\3951\hotspot\src\share\vm\interpreter\linkResolver.cpp, line 1178]
Event: 0.783 Thread 0x0000000059cf1000 Exception <a 'java/lang/NullPointerException'> (0x00000000d7b95d78) thrown at [C:\re\workspace\8-2-build-windows-amd64-cygwin\jdk8u51\3951\hotspot\src\share\vm\prims\jvm.cpp, line 1386]
Event: 1.074 Thread 0x0000000059cf1000 Implicit null exception at 0x00000000028279e4 to 0x0000000002827c29

Events (10 events):
Event: 71.486 Executing VM operation: GetOrSetLocal
Event: 71.486 Executing VM operation: GetOrSetLocal done
Event: 71.494 Executing VM operation: GetOrSetLocal
Event: 71.494 Executing VM operation: GetOrSetLocal done
Event: 71.495 Executing VM operation: GetOrSetLocal
Event: 71.495 Executing VM operation: GetOrSetLocal done
Event: 71.496 Executing VM operation: GetOrSetLocal
Event: 71.496 Executing VM operation: GetOrSetLocal done
Event: 267.155 Executing VM operation: RedefineClasses
Event: 267.167 Executing VM operation: RedefineClasses done


Dynamic libraries:
0x000000013f650000 - 0x000000013f687000 	D:\EclipseJava\App\jdk1.8\bin\javaw.exe
0x0000000077120000 - 0x00000000772c9000 	C:\Windows\SYSTEM32\ntdll.dll
0x0000000077000000 - 0x000000007711f000 	C:\Windows\system32\kernel32.dll
0x000007fefd070000 - 0x000007fefd0dc000 	C:\Windows\system32\KERNELBASE.dll
0x000007fefe970000 - 0x000007fefea4b000 	C:\Windows\system32\ADVAPI32.dll
0x000007fefe2e0000 - 0x000007fefe37f000 	C:\Windows\system32\msvcrt.dll
0x000007fefea50000 - 0x000007fefea6f000 	C:\Windows\SYSTEM32\sechost.dll
0x000007feff1f0000 - 0x000007feff31d000 	C:\Windows\system32\RPCRT4.dll
0x0000000076f00000 - 0x0000000076ffa000 	C:\Windows\system32\USER32.dll
0x000007fefe270000 - 0x000007fefe2d7000 	C:\Windows\system32\GDI32.dll
0x000007fefec00000 - 0x000007fefec0e000 	C:\Windows\system32\LPK.dll
0x000007fefe400000 - 0x000007fefe4c9000 	C:\Windows\system32\USP10.dll
0x000007fefb380000 - 0x000007fefb574000 	C:\Windows\WinSxS\amd64_microsoft.windows.common-controls_6595b64144ccf1df_6.0.7601.18837_none_fa3b1e3d17594757\COMCTL32.dll
0x000007fefe380000 - 0x000007fefe3f1000 	C:\Windows\system32\SHLWAPI.dll
0x000007fefe6e0000 - 0x000007fefe70e000 	C:\Windows\system32\IMM32.DLL
0x000007feff320000 - 0x000007feff429000 	C:\Windows\system32\MSCTF.dll
0x000007fefce00000 - 0x000007fefce40000 	C:\Windows\system32\nvinitx.dll
0x000000006f6c0000 - 0x000000006f792000 	D:\EclipseJava\App\jdk1.8\jre\bin\msvcr100.dll
0x000000006a1d0000 - 0x000000006aa53000 	D:\EclipseJava\App\jdk1.8\jre\bin\server\jvm.dll
0x000007fef8810000 - 0x000007fef8819000 	C:\Windows\system32\WSOCK32.dll
0x000007fefea70000 - 0x000007fefeabd000 	C:\Windows\system32\WS2_32.dll
0x000007fefe200000 - 0x000007fefe208000 	C:\Windows\system32\NSI.dll
0x000007fefad50000 - 0x000007fefad8b000 	C:\Windows\system32\WINMM.dll
0x000007fefbf50000 - 0x000007fefbf5c000 	C:\Windows\system32\VERSION.dll
0x00000000772f0000 - 0x00000000772f7000 	C:\Windows\system32\PSAPI.DLL
0x000000006f6b0000 - 0x000000006f6bf000 	D:\EclipseJava\App\jdk1.8\jre\bin\verify.dll
0x000000006f680000 - 0x000000006f6a9000 	D:\EclipseJava\App\jdk1.8\jre\bin\java.dll
0x0000000068580000 - 0x00000000685b5000 	D:\EclipseJava\App\jdk1.8\jre\bin\jdwp.dll
0x000000006e410000 - 0x000000006e418000 	D:\EclipseJava\App\jdk1.8\jre\bin\npt.dll
0x000000006f660000 - 0x000000006f676000 	D:\EclipseJava\App\jdk1.8\jre\bin\zip.dll
0x000007fefd290000 - 0x000007fefe019000 	C:\Windows\system32\SHELL32.dll
0x000007fefe4d0000 - 0x000007fefe6d3000 	C:\Windows\system32\ole32.dll
0x000007fefcee0000 - 0x000007fefceef000 	C:\Windows\system32\profapi.dll
0x0000000074690000 - 0x0000000074699000 	D:\EclipseJava\App\jdk1.8\jre\bin\dt_socket.dll
0x000007fefbd30000 - 0x000007fefbd45000 	C:\Windows\system32\NLAapi.dll
0x000007fef7120000 - 0x000007fef7135000 	C:\Windows\system32\napinsp.dll
0x000007fef7140000 - 0x000007fef7159000 	C:\Windows\system32\pnrpnsp.dll
0x000007fefc670000 - 0x000007fefc6c5000 	C:\Windows\System32\mswsock.dll
0x000007fefc4f0000 - 0x000007fefc54b000 	C:\Windows\system32\DNSAPI.dll
0x000007fef7100000 - 0x000007fef710b000 	C:\Windows\System32\winrnr.dll
0x000007fef70f0000 - 0x000007fef7100000 	C:\Windows\system32\wshbth.dll
0x000007fefa520000 - 0x000007fefa547000 	C:\Windows\system32\IPHLPAPI.DLL
0x000007fefa500000 - 0x000007fefa50b000 	C:\Windows\system32\WINNSI.DLL
0x000007fefa250000 - 0x000007fefa2a3000 	C:\Windows\System32\fwpuclnt.dll
0x000007fef7110000 - 0x000007fef7118000 	C:\Windows\system32\rasadhlp.dll
0x000007fefc020000 - 0x000007fefc027000 	C:\Windows\System32\wshtcpip.dll
0x0000000068710000 - 0x000000006873c000 	D:\EclipseJava\App\jdk1.8\jre\bin\prism_d3d.dll
0x000007feeb540000 - 0x000007feeb73f000 	C:\Windows\system32\d3d9.dll
0x000007fefa8d0000 - 0x000007fefa8d7000 	C:\Windows\system32\d3d8thk.dll
0x000007fefa9e0000 - 0x000007fefa9f8000 	C:\Windows\system32\dwmapi.dll
0x000007fefafb0000 - 0x000007fefb006000 	C:\Windows\system32\uxtheme.dll
0x0000000180000000 - 0x00000001807c9000 	C:\Windows\system32\igdumd64.dll
0x0000000068530000 - 0x0000000068571000 	D:\EclipseJava\App\jdk1.8\jre\bin\glass.dll
0x000007fefeac0000 - 0x000007fefeb57000 	C:\Windows\system32\COMDLG32.dll
0x000007fefec10000 - 0x000007fefece7000 	C:\Windows\system32\OLEAUT32.dll
0x000007fefcd30000 - 0x000007fefcd3f000 	C:\Windows\system32\CRYPTBASE.dll
0x0000000068510000 - 0x0000000068525000 	D:\EclipseJava\App\jdk1.8\jre\bin\javafx_font.dll
0x000007feee020000 - 0x000007feee1b7000 	C:\Windows\system32\dwrite.dll
0x000007fefeb60000 - 0x000007fefebf9000 	C:\Windows\system32\CLBCatQ.DLL
0x000007fefa730000 - 0x000007fefa891000 	C:\Windows\system32\WindowsCodecs.dll
0x000007fefccd0000 - 0x000007fefcd27000 	C:\Windows\system32\apphelp.dll
0x00000000705a0000 - 0x00000000705b6000 	C:\Program Files\Common Files\TortoiseOverlays\TortoiseOverlays.dll
0x000000006f060000 - 0x000000006f077000 	C:\Program Files\TortoiseSVN\bin\TortoiseStub.dll
0x000000006efe0000 - 0x000000006f05d000 	C:\Program Files\TortoiseSVN\bin\TortoiseSVN.dll
0x000007fefe710000 - 0x000007fefe96a000 	C:\Windows\system32\WININET.dll
0x000007fefd170000 - 0x000007fefd174000 	C:\Windows\system32\api-ms-win-downlevel-user32-l1-1-0.dll
0x000007fefd130000 - 0x000007fefd134000 	C:\Windows\system32\api-ms-win-downlevel-shlwapi-l1-1-0.dll
0x000007fefd0e0000 - 0x000007fefd0e4000 	C:\Windows\system32\api-ms-win-downlevel-version-l1-1-0.dll
0x000007fefd060000 - 0x000007fefd063000 	C:\Windows\system32\api-ms-win-downlevel-normaliz-l1-1-0.dll
0x00000000772e0000 - 0x00000000772e3000 	C:\Windows\system32\normaliz.DLL
0x000007fefecf0000 - 0x000007fefefb7000 	C:\Windows\system32\iertutil.dll
0x000007fefd280000 - 0x000007fefd285000 	C:\Windows\system32\api-ms-win-downlevel-advapi32-l1-1-0.dll
0x000007fefd150000 - 0x000007fefd16e000 	C:\Windows\system32\USERENV.dll
0x000007fef4550000 - 0x000007fef49f7000 	C:\Program Files\TortoiseSVN\bin\libsvn_tsvn.dll
0x000000006efb0000 - 0x000000006efde000 	C:\Program Files\TortoiseSVN\bin\libapr_tsvn.dll
0x000007fef4470000 - 0x000007fef4544000 	C:\Windows\system32\MSVCR110.dll
0x000000006ef60000 - 0x000000006efa5000 	C:\Program Files\TortoiseSVN\bin\libaprutil_tsvn.dll
0x000007fefe210000 - 0x000007fefe262000 	C:\Windows\system32\WLDAP32.dll
0x000007fef4ce0000 - 0x000007fef4cf1000 	C:\Program Files\TortoiseSVN\bin\intl3_tsvn.dll
0x000007fef4cc0000 - 0x000007fef4cd9000 	C:\Program Files\TortoiseSVN\bin\libsasl.dll
0x000007fefca10000 - 0x000007fefca1b000 	C:\Windows\system32\Secur32.dll
0x000007fefcca0000 - 0x000007fefccc5000 	C:\Windows\system32\SSPICLI.DLL
0x000007fefcef0000 - 0x000007fefd05d000 	C:\Windows\system32\CRYPT32.dll
0x000007fefced0000 - 0x000007fefcedf000 	C:\Windows\system32\MSASN1.dll
0x000007fef43c0000 - 0x000007fef4467000 	C:\Windows\system32\MSVCP110.dll
0x000000006ef40000 - 0x000000006ef5b000 	C:\Program Files\TortoiseGit\bin\TortoiseGitStub.dll
0x000000006eeb0000 - 0x000000006ef3e000 	C:\Program Files\TortoiseGit\bin\TortoiseGit.dll
0x000007fef4260000 - 0x000007fef433f000 	C:\Program Files\TortoiseGit\bin\libgit2_tgit.dll
0x000007fef4ca0000 - 0x000007fef4cb8000 	C:\Program Files\TortoiseGit\bin\zlib1_tgit.dll
0x000007fef7b90000 - 0x000007fef7c7f000 	C:\Windows\system32\MSVCR120.dll
0x000007fefa060000 - 0x000007fefa0d1000 	C:\Windows\system32\WINHTTP.dll
0x000007fef9fd0000 - 0x000007fefa034000 	C:\Windows\system32\webio.dll
0x000007fef4020000 - 0x000007fef425e000 	C:\Program Files\TortoiseGit\bin\gitdll.dll
0x000007fef7ae0000 - 0x000007fef7b86000 	C:\Windows\system32\MSVCP120.dll
0x000007fefc6d0000 - 0x000007fefc6e8000 	C:\Windows\system32\CRYPTSP.dll
0x000007fefc3d0000 - 0x000007fefc417000 	C:\Windows\system32\rsaenh.dll
0x000007fef43a0000 - 0x000007fef43b1000 	C:\Program Files\TortoiseGit\bin\crshhndl.dll
0x000007fef4360000 - 0x000007fef4395000 	C:\Windows\system32\EhStorShell.dll
0x000007fefe020000 - 0x000007fefe1f7000 	C:\Windows\system32\SETUPAPI.dll
0x000007fefd180000 - 0x000007fefd1b6000 	C:\Windows\system32\CFGMGR32.dll
0x000007fefd260000 - 0x000007fefd27a000 	C:\Windows\system32\DEVOBJ.dll
0x000007fefbb00000 - 0x000007fefbc2c000 	C:\Windows\system32\PROPSYS.dll
0x000007fef3fa0000 - 0x000007fef401e000 	C:\Windows\System32\cscui.dll
0x000007fef4350000 - 0x000007fef435c000 	C:\Windows\System32\CSCDLL.dll
0x000007fef5af0000 - 0x000007fef5aff000 	C:\Windows\system32\CSCAPI.dll
0x000007fefa3f0000 - 0x000007fefa41d000 	C:\Program Files\Common Files\Microsoft Shared\Ink\rtscom.dll
0x000007fef8b40000 - 0x000007fef8c65000 	C:\Windows\system32\dbghelp.dll

VM Arguments:
jvm_args: -agentlib:jdwp=transport=dt_socket,suspend=y,address=localhost:57238 -Dfile.encoding=Cp1252 
java_command: org.treez.results.javafxchart.LineChartExample
java_class_path (initial): D:\EclipseJava\workspace\treezResults\bin;D:\EclipseJava\App\Eclipse\plugins\org.junit_4.12.0.v201504281640\junit.jar;D:\EclipseJava\App\Eclipse\plugins\org.hamcrest.core_1.3.0.v201303031735.jar;D:\EclipseJava\App\Eclipse\plugins\org.apache.commons.io_2.2.0.v201405211200.jar;D:\EclipseJava\App\Eclipse\plugins\org.eclipse.core.runtime_3.11.0.v20150405-1723.jar;D:\EclipseJava\App\Eclipse\plugins\javax.annotation_1.2.0.v201401042248.jar;D:\EclipseJava\App\Eclipse\plugins\javax.inject_1.0.0.v20091030.jar;D:\EclipseJava\App\Eclipse\plugins\org.eclipse.osgi_3.10.100.v20150529-1857.jar;D:\EclipseJava\App\Eclipse\plugins\org.eclipse.osgi.compatibility.state_1.0.100.v20150402-1551.jar;D:\EclipseJava\App\Eclipse\plugins\org.eclipse.equinox.common_3.7.0.v20150402-1709.jar;D:\EclipseJava\App\Eclipse\plugins\org.eclipse.core.jobs_3.7.0.v20150330-2103.jar;D:\EclipseJava\App\Eclipse\plugins\org.eclipse.core.runtime.compatibility.registry_3.6.0.v20150318-1505\runtime_registry_compatibility.jar;D:\EclipseJava\App\Eclipse\plugins\org.eclipse.equinox.registry_3.6.0.v20150318-1503.jar;D:\EclipseJava\App\Eclipse\plugins\org.eclipse.equinox.preferences_3.5.300.v20150408-1437.jar;D:\EclipseJava\App\Eclipse\plugins\org.eclipse.core.contenttype_3.5.0.v20150421-2214.jar;D:\EclipseJava\App\Eclipse\plugins\org.eclipse.equinox.app_1.3.300.v20150423-1356.jar;D:\EclipseJava\App\Eclipse\plugins\org.eclipse.ui_3.107.0.v20150507-1945.jar;D:\EclipseJava\App\Eclipse\plugins\org.eclipse.swt_3.104.0.v20150528-0211.jar;D:\EclipseJava\App\Eclipse\plugins\org.eclipse.swt.win32.win32.x86_64_3.104.0.v20150528-0211.jar;D:\EclipseJava\App\Eclipse\plugins\org.eclipse.jface_3.11.0.v20150602-1400.jar;D:\EclipseJava\App\Eclipse\plugins\org.eclipse.core.commands_3.7.0.v20150422-0725.jar;D:\EclipseJava\App\Eclipse\plugins\org.eclipse.ui.workbench_3.107.0.v20150510-1732.jar;D:\EclipseJava\App\Eclipse\plugins\org.eclipse.e4.ui.workbench3_0.13.0.v20150422-0725.jar;D:\EclipseJava\App\Eclipse
Launcher Type: SUN_STANDARD

Environment Variables:
PATH=D:\EclipseJava\App\jdk1.8\jre\bin;D:\CommonFiles\MinGW\bin;C:\Ruby22-x64\bin;C:\ProgramData\Oracle\Java\javapath;C:\Windows\system32;C:\Windows;C:\Windows\System32\Wbem;C:\Windows\System32\WindowsPowerShell\v1.0\;C:\BitNami\wampstack-5.4.20-0\php;C:\Program Files\Microsoft SQL Server\110\Tools\Binn\;C:\Program Files (x86)\Microsoft SQL Server\110\Tools\Binn\;C:\Program Files\Microsoft SQL Server\110\DTS\Binn\;C:\Program Files (x86)\Microsoft SQL Server\110\Tools\Binn\ManagementStudio\;C:\Program Files (x86)\Microsoft SQL Server\110\DTS\Binn\;C:\Program Files\IBM\ILOG\CPLEX_Studio1251\opl\bin\x64_win64;C:\Program Files\IBM\ILOG\CPLEX_Studio1251\opl\oplide\;C:\Program Files\IBM\ILOG\CPLEX_Studio1251\cplex\bin\x64_win64;C:\Program Files\IBM\ILOG\CPLEX_Studio1251\cpoptimizer\bin\x64_win64;C:\Octave\bin;C:\Program Files\Microsoft Compute Cluster Pack\Bin\;C:\Program Files (x86)\Inno Setup 5\;C:\Program Files (x86)\Windows Kits\8.1\Windows Performance Toolkit\;C:\Program Files (x86)\Windows Kits\8.0\Windows Performance Toolkit\;D:\HTCondor\bin\;C:\Program Files\TortoiseSVN\bin;C:\Program Files (x86)\Git\cmd;C:\Program Files\TortoiseGit\bin
USERNAME=eis
OS=Windows_NT
PROCESSOR_IDENTIFIER=Intel64 Family 6 Model 58 Stepping 9, GenuineIntel



---------------  S Y S T E M  ---------------

OS: Windows 7 , 64 bit Build 7601 (6.1.7601.18869)

CPU:total 4 (2 cores per cpu, 2 threads per core) family 6 model 58 stepping 9, cmov, cx8, fxsr, mmx, sse, sse2, sse3, ssse3, sse4.1, sse4.2, popcnt, avx, aes, clmul, erms, ht, tsc, tscinvbit, tscinv

Memory: 4k page, physical 8078124k(4031680k free), swap 16154412k(11766172k free)

vm_info: Java HotSpot(TM) 64-Bit Server VM (25.51-b03) for windows-amd64 JRE (1.8.0_51-b16), built on Jun  8 2015 18:03:07 by "java_re" with MS VC++ 10.0 (VS2010)

time: Sun Aug 23 13:44:28 2015
elapsed time: 267 seconds (0d 0h 4m 27s)

